[debug] [2018-08-01T21:34:16.965Z] ----------------------------------------------------------------------
[debug] [2018-08-01T21:34:16.967Z] Command:       /Users/jaime/.nvm/versions/node/v8.9.4/bin/node /Users/jaime/.nvm/versions/node/v8.9.4/bin/firebase serve --only functions
[debug] [2018-08-01T21:34:16.967Z] CLI Version:   3.17.4
[debug] [2018-08-01T21:34:16.967Z] Platform:      darwin
[debug] [2018-08-01T21:34:16.967Z] Node Version:  v8.9.4
[debug] [2018-08-01T21:34:16.967Z] Time:          Thu Aug 02 2018 05:34:16 GMT+0800 (+08)
[debug] [2018-08-01T21:34:16.967Z] ----------------------------------------------------------------------
[debug] 
[debug] [2018-08-01T21:34:16.983Z] > command requires scopes: ["email","openid","https://www.googleapis.com/auth/cloudplatformprojects.readonly","https://www.googleapis.com/auth/firebase","https://www.googleapis.com/auth/cloud-platform"]
[debug] [2018-08-01T21:34:16.983Z] > authorizing via signed-in user
[debug] [2018-08-01T21:34:16.985Z] > refreshing access token with scopes: ["email","https://www.googleapis.com/auth/cloud-platform","https://www.googleapis.com/auth/cloudplatformprojects.readonly","https://www.googleapis.com/auth/firebase","openid"]
[debug] [2018-08-01T21:34:16.985Z] >>> HTTP REQUEST POST https://www.googleapis.com/oauth2/v3/token  
 { refresh_token: '1/a2Bb8XwS8zW5jwj2Rz-oN6tOGK2dU8-pB2bRlIkErFH3LyFYtWvo_K6H8kA8Meeq',
  client_id: '563584335869-fgrhgmd47bqnekij5i8b5pr03ho849e6.apps.googleusercontent.com',
  client_secret: 'j9iVZfS8kkCEFUPaAeJV0sAi',
  grant_type: 'refresh_token',
  scope: 'email https://www.googleapis.com/auth/cloud-platform https://www.googleapis.com/auth/cloudplatformprojects.readonly https://www.googleapis.com/auth/firebase openid' } 
 Thu Aug 02 2018 05:34:16 GMT+0800 (+08)
[debug] [2018-08-01T21:34:17.105Z] <<< HTTP RESPONSE 200
[debug] [2018-08-01T21:34:17.142Z] >>> HTTP REQUEST GET https://admin.firebase.com/v1/projects/rivis-dd844  
  
 Thu Aug 02 2018 05:34:17 GMT+0800 (+08)
[debug] [2018-08-01T21:34:24.783Z] ----------------------------------------------------------------------
[debug] [2018-08-01T21:34:24.785Z] Command:       /Users/jaime/.nvm/versions/node/v8.9.4/bin/node /Users/jaime/.nvm/versions/node/v8.9.4/bin/firebase serve --only functions
[debug] [2018-08-01T21:34:24.786Z] CLI Version:   3.17.4
[debug] [2018-08-01T21:34:24.786Z] Platform:      darwin
[debug] [2018-08-01T21:34:24.786Z] Node Version:  v8.9.4
[debug] [2018-08-01T21:34:24.786Z] Time:          Thu Aug 02 2018 05:34:24 GMT+0800 (+08)
[debug] [2018-08-01T21:34:24.786Z] ----------------------------------------------------------------------
[debug] 
[debug] [2018-08-01T21:34:24.802Z] > command requires scopes: ["email","openid","https://www.googleapis.com/auth/cloudplatformprojects.readonly","https://www.googleapis.com/auth/firebase","https://www.googleapis.com/auth/cloud-platform"]
[debug] [2018-08-01T21:34:24.803Z] > authorizing via signed-in user
[debug] [2018-08-01T21:34:24.805Z] >>> HTTP REQUEST GET https://admin.firebase.com/v1/projects/rivis-dd844  
  
 Thu Aug 02 2018 05:34:24 GMT+0800 (+08)
[debug] [2018-08-01T21:34:25.782Z] <<< HTTP RESPONSE 200
[debug] [2018-08-01T21:34:25.782Z] >>> HTTP REQUEST GET https://admin.firebase.com/v1/database/rivis-dd844/tokens  
  
 Thu Aug 02 2018 05:34:25 GMT+0800 (+08)
[debug] [2018-08-01T21:34:26.605Z] <<< HTTP RESPONSE 200
[info] 
[info] === Serving from '/Users/jaime/Documents/github/rivis'...
[info] 
[info] i  functions: Preparing to emulate functions.
[debug] [2018-08-01T21:34:27.170Z] Fetching environment
[debug] [2018-08-01T21:34:27.171Z] >>> HTTP REQUEST GET https://appengine.googleapis.com/v1/apps/rivis-dd844  
  
 Thu Aug 02 2018 05:34:27 GMT+0800 (+08)
[debug] [2018-08-01T21:34:27.171Z] >>> HTTP REQUEST GET https://apikeys.googleapis.com/v1/projects/rivis-dd844/apiKeys  
  
 Thu Aug 02 2018 05:34:27 GMT+0800 (+08)
[debug] [2018-08-01T21:34:28.650Z] <<< HTTP RESPONSE 200
[debug] [2018-08-01T21:34:28.662Z] <<< HTTP RESPONSE 200
[debug] [2018-08-01T21:34:28.664Z] Starting @google-cloud/functions-emulator
[debug] [2018-08-01T21:34:30.257Z] Parsing function triggers
[info] ✔  functions: alexa: http://localhost:5000/rivis-dd844/us-central1/alexa
[info] ✔  functions: nonProfits: http://localhost:5000/rivis-dd844/us-central1/nonProfits
[info] ✔  functions: payments: http://localhost:5000/rivis-dd844/us-central1/payments
